PrimoSemestre/Palestra/app/build/intermediates/manifest_merge_blame_file/debug/manifest-merger-blame-debug-report.txt
1<?xml version="1.0" encoding="utf-8"?>
2<manifest xmlns:android="http://schemas.android.com/apk/res/android"
3    package="it.unibas.palestra"
4    android:versionCode="1"
5    android:versionName="1.0" >
6
7    <uses-sdk
8        android:minSdkVersion="19"
8-->src\main\AndroidManifest.xml
9        android:targetSdkVersion="28" />
9-->src\main\AndroidManifest.xml
10
11    <application
11-->src\main\AndroidManifest.xml:5:5-30:19
12        android:name="it.unibas.palestra.Applicazione"
12-->src\main\AndroidManifest.xml:6:9-37
13        android:allowBackup="true"
13-->src\main\AndroidManifest.xml:7:9-35
14        android:appComponentFactory="androidx.core.app.CoreComponentFactory"
14-->[androidx.core:core:1.0.0] AndroidManifest.xml:22:18-86
15        android:debuggable="true"
16        android:icon="@mipmap/ic_launcher"
16-->src\main\AndroidManifest.xml:8:9-43
17        android:label="@string/app_name"
17-->src\main\AndroidManifest.xml:9:9-41
18        android:testOnly="true"
19        android:theme="@style/AppTheme" >
19-->src\main\AndroidManifest.xml:10:9-40
20        <activity
20-->src\main\AndroidManifest.xml:11:9-18:20
21            android:name="it.unibas.palestra.activity.ActivityPrincipale"
21-->src\main\AndroidManifest.xml:12:13-56
22            android:label="@string/app_name" >
22-->src\main\AndroidManifest.xml:13:13-45
23            <intent-filter>
23-->src\main\AndroidManifest.xml:14:13-17:29
24                <action android:name="android.intent.action.MAIN" />
24-->src\main\AndroidManifest.xml:15:17-69
24-->src\main\AndroidManifest.xml:15:25-66
25
26                <category android:name="android.intent.category.LAUNCHER" />
26-->src\main\AndroidManifest.xml:16:17-77
26-->src\main\AndroidManifest.xml:16:27-74
27            </intent-filter>
28        </activity>
29        <activity
29-->src\main\AndroidManifest.xml:19:9-22:20
30            android:name="it.unibas.palestra.activity.ActivityNuovoEsercizio"
30-->src\main\AndroidManifest.xml:20:13-60
31            android:label="@string/app_name" >
31-->src\main\AndroidManifest.xml:21:13-45
32        </activity>
33        <activity
33-->src\main\AndroidManifest.xml:23:9-26:20
34            android:name="it.unibas.palestra.activity.ActivitySelezionaAttrezzo"
34-->src\main\AndroidManifest.xml:24:13-63
35            android:label="@string/app_name" >
35-->src\main\AndroidManifest.xml:25:13-45
36        </activity>
37        <activity
37-->src\main\AndroidManifest.xml:27:9-29:40
38            android:name="it.unibas.palestra.activity.ActivityGeneraScheda"
38-->src\main\AndroidManifest.xml:28:13-58
39            android:label="Palestra" />
39-->src\main\AndroidManifest.xml:29:13-37
40    </application>
41
42</manifest>